# JRE version: Java(TM) SE Runtime Environment (17.0.12+8) (build 17.0.12+8-LTS-286)
# Java VM: Java HotSpot(TM) 64-Bit Server VM (17.0.12+8-LTS-286, mixed mode, sharing, tiered, compressed oops, compressed class ptrs, g1 gc, windows-amd64)
GC Precious Log:
 CPUs: 12 total, 12 available
 Memory: 7913M
 Large Page Support: Disabled
 NUMA Support: Disabled
 Compressed Oops: Enabled (32-bit)
 Heap Region Size: 1M
 Heap Min Capacity: 8M
 Heap Initial Capacity: 124M
 Heap Max Capacity: 2G
 Pre-touch: Disabled
 Parallel Workers: 10
 Concurrent Workers: 3
 Concurrent Refinement Workers: 10
 Periodic GC: Disabled
Heap:
 garbage-first heap   total 234496K, used 95385K [0x0000000080000000, 0x0000000100000000)
  region size 1024K, 11 young (11264K), 9 survivors (9216K)
 Metaspace       used 87985K, committed 88768K, reserved 1179648K
  class space    used 12383K, committed 12800K, reserved 1048576K
GC Heap History (20 events):
Event: 10.857 GC heap before
{Heap before GC invocations=17 (full 0):
 garbage-first heap   total 129024K, used 116401K [0x0000000080000000, 0x0000000100000000)
  region size 1024K, 60 young (61440K), 5 survivors (5120K)
 Metaspace       used 54880K, committed 55488K, reserved 1114112K
  class space    used 7675K, committed 7936K, reserved 1048576K
}
Event: 10.863 GC heap after
{Heap after GC invocations=18 (full 0):
 garbage-first heap   total 130048K, used 66269K [0x0000000080000000, 0x0000000100000000)
  region size 1024K, 8 young (8192K), 8 survivors (8192K)
 Metaspace       used 54880K, committed 55488K, reserved 1114112K
  class space    used 7675K, committed 7936K, reserved 1048576K
}
Event: 12.122 GC heap before
{Heap before GC invocations=18 (full 0):
 garbage-first heap   total 130048K, used 102109K [0x0000000080000000, 0x0000000100000000)
  region size 1024K, 44 young (45056K), 8 survivors (8192K)
 Metaspace       used 58257K, committed 59008K, reserved 1114112K
  class space    used 8075K, committed 8448K, reserved 1048576K
}
Event: 12.127 GC heap after
{Heap after GC invocations=19 (full 0):
 garbage-first heap   total 130048K, used 67841K [0x0000000080000000, 0x0000000100000000)
  region size 1024K, 2 young (2048K), 2 survivors (2048K)
 Metaspace       used 58257K, committed 59008K, reserved 1114112K
  class space    used 8075K, committed 8448K, reserved 1048576K
}
Event: 12.857 GC heap before
{Heap before GC invocations=20 (full 0):
 garbage-first heap   total 130048K, used 109825K [0x0000000080000000, 0x0000000100000000)
  region size 1024K, 38 young (38912K), 2 survivors (2048K)
 Metaspace       used 61135K, committed 61824K, reserved 1114112K
  class space    used 8505K, committed 8832K, reserved 1048576K
}
Event: 12.861 GC heap after
{Heap after GC invocations=21 (full 0):
 garbage-first heap   total 130048K, used 72898K [0x0000000080000000, 0x0000000100000000)
  region size 1024K, 5 young (5120K), 5 survivors (5120K)
 Metaspace       used 61135K, committed 61824K, reserved 1114112K
  class space    used 8505K, committed 8832K, reserved 1048576K
}
Event: 12.874 GC heap before
{Heap before GC invocations=21 (full 0):
 garbage-first heap   total 130048K, used 73922K [0x0000000080000000, 0x0000000100000000)
  region size 1024K, 6 young (6144K), 5 survivors (5120K)
 Metaspace       used 61185K, committed 61824K, reserved 1114112K
  class space    used 8517K, committed 8832K, reserved 1048576K
}
Event: 12.877 GC heap after
{Heap after GC invocations=22 (full 0):
 garbage-first heap   total 130048K, used 73721K [0x0000000080000000, 0x0000000100000000)
  region size 1024K, 1 young (1024K), 1 survivors (1024K)
 Metaspace       used 61185K, committed 61824K, reserved 1114112K
  class space    used 8517K, committed 8832K, reserved 1048576K
}
Event: 13.345 GC heap before
{Heap before GC invocations=22 (full 0):
 garbage-first heap   total 130048K, used 105465K [0x0000000080000000, 0x0000000100000000)
  region size 1024K, 32 young (32768K), 1 survivors (1024K)
 Metaspace       used 63531K, committed 64192K, reserved 1114112K
  class space    used 8802K, committed 9088K, reserved 1048576K
}
Event: 13.347 GC heap after
{Heap after GC invocations=23 (full 0):
 garbage-first heap   total 130048K, used 74552K [0x0000000080000000, 0x0000000100000000)
  region size 1024K, 2 young (2048K), 2 survivors (2048K)
 Metaspace       used 63531K, committed 64192K, reserved 1114112K
  class space    used 8802K, committed 9088K, reserved 1048576K
}
Event: 13.810 GC heap before
{Heap before GC invocations=24 (full 0):
 garbage-first heap   total 130048K, used 106296K [0x0000000080000000, 0x0000000100000000)
  region size 1024K, 33 young (33792K), 2 survivors (2048K)
 Metaspace       used 65990K, committed 66624K, reserved 1114112K
  class space    used 9119K, committed 9408K, reserved 1048576K
}
Event: 13.812 GC heap after
{Heap after GC invocations=25 (full 0):
 garbage-first heap   total 130048K, used 75872K [0x0000000080000000, 0x0000000100000000)
  region size 1024K, 3 young (3072K), 3 survivors (3072K)
 Metaspace       used 65990K, committed 66624K, reserved 1114112K
  class space    used 9119K, committed 9408K, reserved 1048576K
}
Event: 13.850 GC heap before
{Heap before GC invocations=25 (full 0):
 garbage-first heap   total 130048K, used 78944K [0x0000000080000000, 0x0000000100000000)
  region size 1024K, 6 young (6144K), 3 survivors (3072K)
 Metaspace       used 66178K, committed 66816K, reserved 1114112K
  class space    used 9147K, committed 9472K, reserved 1048576K
}
Event: 13.854 GC heap after
{Heap after GC invocations=26 (full 0):
 garbage-first heap   total 130048K, used 75649K [0x0000000080000000, 0x0000000100000000)
  region size 1024K, 1 young (1024K), 1 survivors (1024K)
 Metaspace       used 66178K, committed 66816K, reserved 1114112K
  class space    used 9147K, committed 9472K, reserved 1048576K
}
Event: 14.318 GC heap before
{Heap before GC invocations=26 (full 0):
 garbage-first heap   total 130048K, used 82817K [0x0000000080000000, 0x0000000100000000)
  region size 1024K, 9 young (9216K), 1 survivors (1024K)
 Metaspace       used 67577K, committed 68288K, reserved 1114112K
  class space    used 9321K, committed 9664K, reserved 1048576K
}
Event: 14.321 GC heap after
{Heap after GC invocations=27 (full 0):
 garbage-first heap   total 234496K, used 75931K [0x0000000080000000, 0x0000000100000000)
  region size 1024K, 1 young (1024K), 1 survivors (1024K)
 Metaspace       used 67577K, committed 68288K, reserved 1114112K
  class space    used 9321K, committed 9664K, reserved 1048576K
}
Event: 18.666 GC heap before
{Heap before GC invocations=27 (full 0):
 garbage-first heap   total 234496K, used 194715K [0x0000000080000000, 0x0000000100000000)
  region size 1024K, 114 young (116736K), 1 survivors (1024K)
 Metaspace       used 73129K, committed 73856K, reserved 1114112K
  class space    used 10107K, committed 10432K, reserved 1048576K
}
Event: 18.686 GC heap after
{Heap after GC invocations=28 (full 0):
 garbage-first heap   total 234496K, used 85925K [0x0000000080000000, 0x0000000100000000)
  region size 1024K, 8 young (8192K), 8 survivors (8192K)
 Metaspace       used 73129K, committed 73856K, reserved 1114112K
  class space    used 10107K, committed 10432K, reserved 1048576K
}
Event: 22.117 GC heap before
{Heap before GC invocations=28 (full 0):
 garbage-first heap   total 234496K, used 191397K [0x0000000080000000, 0x0000000100000000)
  region size 1024K, 110 young (112640K), 8 survivors (8192K)
 Metaspace       used 80755K, committed 81472K, reserved 1179648K
  class space    used 11299K, committed 11648K, reserved 1048576K
}
Event: 22.127 GC heap after
{Heap after GC invocations=29 (full 0):
 garbage-first heap   total 234496K, used 89770K [0x0000000080000000, 0x0000000100000000)
  region size 1024K, 11 young (11264K), 11 survivors (11264K)
 Metaspace       used 80755K, committed 81472K, reserved 1179648K
  class space    used 11299K, committed 11648K, reserved 1048576K
}

